<?xml version="1.0" encoding="UTF-8"?>
<!-- Generated by org.testng.reporters.JUnitReportReporter -->
<testsuite skipped="0" hostname="DESKTOP-2307P8L" name="login.FarmLead.CreateAccountPageElement_Test" tests="1" failures="0" timestamp="15 Nov 2020 20:32:39 GMT" time="1.627" errors="0">
  <testcase name="CreateAccount_PageElementsTest" time="1.627" classname="login.FarmLead.CreateAccountPageElement_Test"/>
</testsuite> <!-- login.FarmLead.CreateAccountPageElement_Test -->
