<?xml version="1.0" encoding="UTF-8"?>
<!-- Generated by org.testng.reporters.JUnitReportReporter -->
<testsuite skipped="0" hostname="DESKTOP-2307P8L" name="login.FarmLead.create_Account_test" tests="4" failures="0" timestamp="15 Nov 2020 20:32:39 GMT" time="5.460" errors="0">
  <testcase name="CreateAccount_NegativeTest" time="1.359" classname="login.FarmLead.create_Account_test"/>
  <testcase name="CreateAccount_NegativeTest" time="0.929" classname="login.FarmLead.create_Account_test"/>
  <testcase name="CreateAccount_NegativeTest" time="2.411" classname="login.FarmLead.create_Account_test"/>
  <testcase name="CreateAccount_PositiveTest" time="0.761" classname="login.FarmLead.create_Account_test"/>
</testsuite> <!-- login.FarmLead.create_Account_test -->
