<?xml version="1.0" encoding="UTF-8"?>
<!-- Generated by org.testng.reporters.JUnitReportReporter -->
<testsuite skipped="0" hostname="DESKTOP-2307P8L" name="login.FarmLead.TitlePageElement_test" tests="1" failures="0" timestamp="15 Nov 2020 20:32:39 GMT" time="3.456" errors="0">
  <testcase name="TitlePage_ElementTest" time="3.456" classname="login.FarmLead.TitlePageElement_test"/>
</testsuite> <!-- login.FarmLead.TitlePageElement_test -->
