<?xml version="1.0" encoding="UTF-8"?>
<!-- Generated by org.testng.reporters.JUnitReportReporter -->
<testsuite skipped="0" hostname="DESKTOP-2307P8L" name="login.FarmLead.ForgotPassword_Test" tests="1" failures="0" timestamp="15 Nov 2020 20:32:39 GMT" time="1.446" errors="0">
  <testcase name="ForgotPasswordTest" time="1.446" classname="login.FarmLead.ForgotPassword_Test"/>
</testsuite> <!-- login.FarmLead.ForgotPassword_Test -->
