<?xml version="1.0" encoding="UTF-8"?>
<!-- Generated by org.testng.reporters.JUnitReportReporter -->
<testsuite skipped="0" hostname="DESKTOP-2307P8L" name="login.FarmLead.login_Test" tests="6" failures="0" timestamp="15 Nov 2020 20:32:39 GMT" time="8.051" errors="0">
  <testcase name="NegativeloginTest" time="0.634" classname="login.FarmLead.login_Test"/>
  <testcase name="BlankloginTest" time="3.937" classname="login.FarmLead.login_Test"/>
  <testcase name="NegativeloginTest" time="0.983" classname="login.FarmLead.login_Test"/>
  <testcase name="NegativeloginTest" time="0.791" classname="login.FarmLead.login_Test"/>
  <testcase name="BlankloginTest" time="1.034" classname="login.FarmLead.login_Test"/>
  <testcase name="positiveloginTest" time="0.672" classname="login.FarmLead.login_Test"/>
</testsuite> <!-- login.FarmLead.login_Test -->
